<?xml version="1.0" encoding="UTF-8"?>
<robot generator="Robot 6.1.1 (Python 3.13.9 on win32)" generated="20251116 00:34:47.599" rpa="false" schemaversion="4">
<suite id="s1" name="Login-Robot" source="C:\palautusrepositorio\osa3\login-robot">
<suite id="s1-s1" name="Src" source="C:\palautusrepositorio\osa3\login-robot\src">
<suite id="s1-s1-s1" name="Tests" source="C:\palautusrepositorio\osa3\login-robot\src\tests">
<suite id="s1-s1-s1-s1" name="Register" source="C:\palautusrepositorio\osa3\login-robot\src\tests\register.robot">
<test id="s1-s1-s1-s1-t1" name="Register With Valid Username And Password" line="5">
<kw name="Input Credentials" library="resource">
<arg>jake</arg>
<arg>jake123</arg>
<kw name="Input" library="AppLibrary">
<arg>${username}</arg>
<status status="PASS" starttime="20251116 00:34:47.634" endtime="20251116 00:34:47.635"/>
</kw>
<kw name="Input" library="AppLibrary">
<arg>${password}</arg>
<status status="PASS" starttime="20251116 00:34:47.635" endtime="20251116 00:34:47.635"/>
</kw>
<kw name="Run Application" library="AppLibrary">
<status status="PASS" starttime="20251116 00:34:47.635" endtime="20251116 00:34:47.635"/>
</kw>
<status status="PASS" starttime="20251116 00:34:47.634" endtime="20251116 00:34:47.635"/>
</kw>
<kw name="Output Should Contain" library="AppLibrary">
<arg>New user registered</arg>
<msg timestamp="20251116 00:34:47.635" level="FAIL">Output "New user registered" is not in []</msg>
<status status="FAIL" starttime="20251116 00:34:47.635" endtime="20251116 00:34:47.639"/>
</kw>
<status status="FAIL" starttime="20251116 00:34:47.632" endtime="20251116 00:34:47.639">Output "New user registered" is not in []</status>
</test>
<status status="FAIL" starttime="20251116 00:34:47.623" endtime="20251116 00:34:47.642"/>
</suite>
<status status="FAIL" starttime="20251116 00:34:47.621" endtime="20251116 00:34:47.646"/>
</suite>
<status status="FAIL" starttime="20251116 00:34:47.618" endtime="20251116 00:34:47.648"/>
</suite>
<status status="FAIL" starttime="20251116 00:34:47.602" endtime="20251116 00:34:47.649"/>
</suite>
<statistics>
<total>
<stat pass="0" fail="1" skip="0">All Tests</stat>
</total>
<tag>
</tag>
<suite>
<stat pass="0" fail="1" skip="0" id="s1" name="Login-Robot">Login-Robot</stat>
<stat pass="0" fail="1" skip="0" id="s1-s1" name="Src">Login-Robot.Src</stat>
<stat pass="0" fail="1" skip="0" id="s1-s1-s1" name="Tests">Login-Robot.Src.Tests</stat>
<stat pass="0" fail="1" skip="0" id="s1-s1-s1-s1" name="Register">Login-Robot.Src.Tests.Register</stat>
</suite>
</statistics>
<errors>
</errors>
</robot>
