<?xml version="1.0" encoding="UTF-8"?>
<robot generator="Robot 6.1.1 (Python 3.13.9 on win32)" generated="20251116 01:20:57.921" rpa="false" schemaversion="4">
<suite id="s1" name="Login" source="C:\palautusrepositorio\osa3\login-robot\src\tests\login.robot">
<test id="s1-t1" name="Login With Correct Credentials" line="6">
<kw name="Create User And Input Login Command" type="SETUP">
<kw name="Create User" library="resource">
<arg>kalle</arg>
<arg>kalle123</arg>
<kw name="Input New Command" library="resource">
<kw name="Input" library="AppLibrary">
<arg>new</arg>
<status status="PASS" starttime="20251116 01:20:57.947" endtime="20251116 01:20:57.947"/>
</kw>
<status status="PASS" starttime="20251116 01:20:57.947" endtime="20251116 01:20:57.947"/>
</kw>
<kw name="Input Credentials" library="resource">
<arg>${username}</arg>
<arg>${password}</arg>
<kw name="Input" library="AppLibrary">
<arg>${username}</arg>
<status status="PASS" starttime="20251116 01:20:57.947" endtime="20251116 01:20:57.947"/>
</kw>
<kw name="Input" library="AppLibrary">
<arg>${password}</arg>
<status status="PASS" starttime="20251116 01:20:57.947" endtime="20251116 01:20:57.947"/>
</kw>
<kw name="Run Application" library="AppLibrary">
<status status="PASS" starttime="20251116 01:20:57.948" endtime="20251116 01:20:57.948"/>
</kw>
<status status="PASS" starttime="20251116 01:20:57.947" endtime="20251116 01:20:57.948"/>
</kw>
<status status="PASS" starttime="20251116 01:20:57.947" endtime="20251116 01:20:57.948"/>
</kw>
<kw name="Input Login Command" library="resource">
<kw name="Input" library="AppLibrary">
<arg>login</arg>
<status status="PASS" starttime="20251116 01:20:57.948" endtime="20251116 01:20:57.948"/>
</kw>
<status status="PASS" starttime="20251116 01:20:57.948" endtime="20251116 01:20:57.948"/>
</kw>
<status status="PASS" starttime="20251116 01:20:57.947" endtime="20251116 01:20:57.948"/>
</kw>
<kw name="Input Credentials" library="resource">
<arg>kalle</arg>
<arg>kalle123</arg>
<kw name="Input" library="AppLibrary">
<arg>${username}</arg>
<status status="PASS" starttime="20251116 01:20:57.948" endtime="20251116 01:20:57.948"/>
</kw>
<kw name="Input" library="AppLibrary">
<arg>${password}</arg>
<status status="PASS" starttime="20251116 01:20:57.948" endtime="20251116 01:20:57.948"/>
</kw>
<kw name="Run Application" library="AppLibrary">
<status status="PASS" starttime="20251116 01:20:57.948" endtime="20251116 01:26:05.527"/>
</kw>
<status status="PASS" starttime="20251116 01:20:57.948" endtime="20251116 01:26:05.527"/>
</kw>
<kw name="Output Should Contain" library="AppLibrary">
<arg>Logged in</arg>
<msg timestamp="20251116 01:26:05.527" level="FAIL">Output "Logged in" is not in ['New user registered', '']</msg>
<status status="FAIL" starttime="20251116 01:26:05.527" endtime="20251116 01:26:05.528"/>
</kw>
<status status="FAIL" starttime="20251116 01:20:57.946" endtime="20251116 01:26:05.528">Output "Logged in" is not in ['New user registered', '']</status>
</test>
<status status="FAIL" starttime="20251116 01:20:57.922" endtime="20251116 01:26:05.528"/>
</suite>
<statistics>
<total>
<stat pass="0" fail="1" skip="0">All Tests</stat>
</total>
<tag>
</tag>
<suite>
<stat pass="0" fail="1" skip="0" id="s1" name="Login">Login</stat>
</suite>
</statistics>
<errors>
</errors>
</robot>
